>[PAGE] : Adorf/Erzgeb.
length (nr of characters): 8691
#IWL   : 1
#Links : 79

>[PAGE] : Affalter
length (nr of characters): 10158
#IWL   : 1
#Links : 68

>[PAGE] : Albernau
length (nr of characters): 5965
#IWL   : 1
#Links : 25

>[PAGE] : Alberoda
length (nr of characters): 9129
#IWL   : 0
#Links : 43

>[PAGE] : Annaberg (Annaberg-Buchholz)
length (nr of characters): 227
#IWL   : 41
#Links : 300

>[PAGE] : Annaberg-Buchholz
length (nr of characters): 62827
#IWL   : 41
#Links : 300

>[PAGE] : Ansprung
length (nr of characters): 7125
#IWL   : 1
#Links : 61

>[PAGE] : Antonshöhe (Breitenbrunn)
length (nr of characters): 3012
#IWL   : 1
#Links : 37

>[PAGE] : Antonsthal
length (nr of characters): 8005
#IWL   : 0
#Links : 60

>[PAGE] : Arnsfeld
length (nr of characters): 9060
#IWL   : 0
#Links : 43

>[PAGE] : Aue (Sachsen)
length (nr of characters): 88250
#IWL   : 35
#Links : 361

>[PAGE] : Auerbach (Erzgebirge)
length (nr of characters): 9703
#IWL   : 23
#Links : 128

>[PAGE] : Auerhammer
length (nr of characters): 9032
#IWL   : 0
#Links : 35

>[PAGE] : Bad Schlema
length (nr of characters): 19584
#IWL   : 25
#Links : 171

>[PAGE] : Bärenstein (Erzgebirge)
length (nr of characters): 10196
#IWL   : 28
#Links : 134

>[PAGE] : Beierfeld
length (nr of characters): 5136
#IWL   : 1
#Links : 32

>[PAGE] : Bermsgrün
length (nr of characters): 5268
#IWL   : 1
#Links : 39

>[PAGE] : Bernsbach
length (nr of characters): 7271
#IWL   : 23
#Links : 50

>[PAGE] : Beutha
length (nr of characters): 8106
#IWL   : 1
#Links : 70

>[PAGE] : Blauenthal
length (nr of characters): 11754
#IWL   : 1
#Links : 51

>[PAGE] : Blechhammer (Eibenstock)
length (nr of characters): 7150
#IWL   : 0
#Links : 14

>[PAGE] : Blumenau (Olbernhau)
length (nr of characters): 7686
#IWL   : 0
#Links : 39

>[PAGE] : Bockau
length (nr of characters): 32413
#IWL   : 24
#Links : 189

>[PAGE] : Boden (Großrückerswalde)
length (nr of characters): 3760
#IWL   : 0
#Links : 23

>[PAGE] : Börnichen/Erzgeb.
length (nr of characters): 7967
#IWL   : 23
#Links : 113

>[PAGE] : Borstendorf
length (nr of characters): 8102
#IWL   : 22
#Links : 45

>[PAGE] : Breitenbrunn/Erzgeb.
length (nr of characters): 12316
#IWL   : 22
#Links : 161

>[PAGE] : Breitenhof
length (nr of characters): 2603
#IWL   : 0
#Links : 31

>[PAGE] : Brüderwiese
length (nr of characters): 10364
#IWL   : 0
#Links : 43

>[PAGE] : Brünlasberg
length (nr of characters): 7569
#IWL   : 1
#Links : 37

>[PAGE] : Brünlos
length (nr of characters): 5568
#IWL   : 1
#Links : 46

>[PAGE] : Buchholz (Annaberg-Buchholz)
length (nr of characters): 12960
#IWL   : 0
#Links : 74

>[PAGE] : Burgstädtel (Elterlein)
length (nr of characters): 4647
#IWL   : 0
#Links : 30

>[PAGE] : Burkhardtsdorf
length (nr of characters): 7997
#IWL   : 23
#Links : 122

>[PAGE] : Burkhardtsgrün (Zschorlau)
length (nr of characters): 5632
#IWL   : 1
#Links : 26

>[PAGE] : Carlsfeld (Eibenstock)
length (nr of characters): 19179
#IWL   : 0
#Links : 95

>[PAGE] : Carolathal
length (nr of characters): 1362
#IWL   : 0
#Links : 23

>[PAGE] : Cranzahl
length (nr of characters): 10967
#IWL   : 2
#Links : 63

>[PAGE] : Crottendorf
length (nr of characters): 16396
#IWL   : 26
#Links : 169

>[PAGE] : Cunersdorf (Annaberg-Buchholz)
length (nr of characters): 6643
#IWL   : 0
#Links : 43

>[PAGE] : Deutscheinsiedel
length (nr of characters): 7583
#IWL   : 2
#Links : 52

>[PAGE] : Deutschkatharinenberg
length (nr of characters): 4570
#IWL   : 0
#Links : 29

>[PAGE] : Deutschneudorf
length (nr of characters): 9057
#IWL   : 27
#Links : 124

>[PAGE] : Dittersdorf (Amtsberg)
length (nr of characters): 9913
#IWL   : 0
#Links : 46

>[PAGE] : Dittersdorf (Lößnitz)
length (nr of characters): 25486
#IWL   : 1
#Links : 125

>[PAGE] : Dittmannsdorf (Gornau)
length (nr of characters): 7837
#IWL   : 0
#Links : 53

>[PAGE] : Dittmannsdorf (Pfaffroda)
length (nr of characters): 6765
#IWL   : 0
#Links : 38

>[PAGE] : Dorfchemnitz (Zwönitz)
length (nr of characters): 6131
#IWL   : 2
#Links : 43

>[PAGE] : Dörfel (Marienberg)
length (nr of characters): 3538
#IWL   : 0
#Links : 28

>[PAGE] : Dörfel (Schlettau)
length (nr of characters): 4135
#IWL   : 0
#Links : 29

>[PAGE] : Dörnthal (Pfaffroda)
length (nr of characters): 8800
#IWL   : 0
#Links : 60

>[PAGE] : Drebach
length (nr of characters): 26102
#IWL   : 24
#Links : 200

>[PAGE] : Drei Rosen
length (nr of characters): 1982
#IWL   : 0
#Links : 18

>[PAGE] : Dreihansen
length (nr of characters): 827
#IWL   : 0
#Links : 8

>[PAGE] : Ehrenfriedersdorf
length (nr of characters): 11716
#IWL   : 30
#Links : 137

>[PAGE] : Ehrenzipfel
length (nr of characters): 3456
#IWL   : 0
#Links : 31

>[PAGE] : Eibenberg (Burkhardtsdorf)
length (nr of characters): 6295
#IWL   : 0
#Links : 32

>[PAGE] : Eibenstock
length (nr of characters): 19150
#IWL   : 29
#Links : 184

>[PAGE] : Elterlein
length (nr of characters): 13977
#IWL   : 28
#Links : 152

>[PAGE] : Erla (Schwarzenberg)
length (nr of characters): 9459
#IWL   : 0
#Links : 52

>[PAGE] : Erlabrunn (Breitenbrunn)
length (nr of characters): 12866
#IWL   : 1
#Links : 107

>[PAGE] : Falkenbach (Wolkenstein)
length (nr of characters): 5789
#IWL   : 0
#Links : 48

>[PAGE] : Fällbach
length (nr of characters): 2557
#IWL   : 0
#Links : 34

>[PAGE] : Floßplatz (Wolkenstein)
length (nr of characters): 2314
#IWL   : 0
#Links : 18

>[PAGE] : Forchheim (Pockau-Lengefeld)
length (nr of characters): 7167
#IWL   : 0
#Links : 50

>[PAGE] : Gablenz (Stollberg)
length (nr of characters): 5541
#IWL   : 0
#Links : 47

>[PAGE] : Gehringswalde
length (nr of characters): 7431
#IWL   : 1
#Links : 45

>[PAGE] : Gelenau/Erzgeb.
length (nr of characters): 9076
#IWL   : 25
#Links : 133

>[PAGE] : Geyer
length (nr of characters): 9595
#IWL   : 28
#Links : 130

>[PAGE] : Geyersdorf
length (nr of characters): 7055
#IWL   : 0
#Links : 40

>[PAGE] : Globenstein
length (nr of characters): 4970
#IWL   : 0
#Links : 26

>[PAGE] : Gornau/Erzgeb.
length (nr of characters): 10727
#IWL   : 25
#Links : 146

>[PAGE] : Gornsdorf
length (nr of characters): 7108
#IWL   : 23
#Links : 110

>[PAGE] : Görsdorf (Pockau-Lengefeld)
length (nr of characters): 5778
#IWL   : 0
#Links : 49

>[PAGE] : Griesbach (Schneeberg)
length (nr of characters): 3965
#IWL   : 0
#Links : 20

>[PAGE] : Grießbach (Drebach)
length (nr of characters): 6296
#IWL   : 2
#Links : 38

>[PAGE] : Großrückerswalde
length (nr of characters): 15189
#IWL   : 24
#Links : 142

>[PAGE] : Grumbach (Jöhstadt)
length (nr of characters): 5845
#IWL   : 0
#Links : 36

>[PAGE] : Grüna (Lößnitz)
length (nr of characters): 7324
#IWL   : 1
#Links : 57

>[PAGE] : Grünau (Großolbersdorf)
length (nr of characters): 4325
#IWL   : 0
#Links : 27

>[PAGE] : Grundau
length (nr of characters): 4627
#IWL   : 0
#Links : 34

>[PAGE] : Grünhain
length (nr of characters): 7890
#IWL   : 1
#Links : 48

>[PAGE] : Grünhainichen
length (nr of characters): 12638
#IWL   : 24
#Links : 129

>[PAGE] : Grünstädtel
length (nr of characters): 7550
#IWL   : 0
#Links : 41

>[PAGE] : Günsdorf
length (nr of characters): 5659
#IWL   : 0
#Links : 38

>[PAGE] : Haberlandmühle
length (nr of characters): 3105
#IWL   : 0
#Links : 17

>[PAGE] : Halbemeile
length (nr of characters): 2951
#IWL   : 0
#Links : 30

>[PAGE] : Hallbach (Pfaffroda)
length (nr of characters): 8041
#IWL   : 0
#Links : 36

>[PAGE] : Hammerunterwiesenthal
length (nr of characters): 5648
#IWL   : 0
#Links : 35

>[PAGE] : Haselbach (Pfaffroda)
length (nr of characters): 6305
#IWL   : 0
#Links : 36

>[PAGE] : Heidelberg (Seiffen)
length (nr of characters): 4588
#IWL   : 0
#Links : 29

>[PAGE] : Heidersdorf
length (nr of characters): 5314
#IWL   : 25
#Links : 102

>[PAGE] : Heinzebank
length (nr of characters): 5802
#IWL   : 0
#Links : 44

>[PAGE] : Heinzwinkel
length (nr of characters): 10814
#IWL   : 0
#Links : 26

>[PAGE] : Henneberg (Johanngeorgenstadt)
length (nr of characters): 1876
#IWL   : 0
#Links : 14

>[PAGE] : Hermannsdorf (Elterlein)
length (nr of characters): 4158
#IWL   : 0
#Links : 32

>[PAGE] : Herold (Thum)
length (nr of characters): 7789
#IWL   : 0
#Links : 48

>[PAGE] : Hilmersdorf
length (nr of characters): 7716
#IWL   : 0
#Links : 47

>[PAGE] : Himmelmühle
length (nr of characters): 2582
#IWL   : 0
#Links : 18

>[PAGE] : Hirschberg (Olbernhau)
length (nr of characters): 4654
#IWL   : 0
#Links : 24

>[PAGE] : Hohndorf
length (nr of characters): 3761
#IWL   : 24
#Links : 108

>[PAGE] : Hohndorf (Großolbersdorf)
length (nr of characters): 5960
#IWL   : 0
#Links : 39

>[PAGE] : Hopfgarten (Großolbersdorf)
length (nr of characters): 7835
#IWL   : 1
#Links : 34

>[PAGE] : Hormersdorf (Zwönitz)
length (nr of characters): 10509
#IWL   : 22
#Links : 50

>[PAGE] : Hundshübel
length (nr of characters): 7530
#IWL   : 0
#Links : 38

>[PAGE] : Hutha
length (nr of characters): 6379
#IWL   : 0
#Links : 33

>[PAGE] : Jahnsbach
length (nr of characters): 9183
#IWL   : 0
#Links : 50

>[PAGE] : Jahnsdorf/Erzgeb.
length (nr of characters): 14990
#IWL   : 22
#Links : 165

>[PAGE] : Johanngeorgenstadt
length (nr of characters): 28211
#IWL   : 26
#Links : 232

>[PAGE] : Jöhstadt
length (nr of characters): 9274
#IWL   : 27
#Links : 137

>[PAGE] : Jugel
length (nr of characters): 2879
#IWL   : 1
#Links : 26

>[PAGE] : Kemtau
length (nr of characters): 5848
#IWL   : 1
#Links : 25

>[PAGE] : Kleinneuschönberg
length (nr of characters): 3695
#IWL   : 0
#Links : 28

>[PAGE] : Kleinrückerswalde
length (nr of characters): 8182
#IWL   : 0
#Links : 46

>[PAGE] : Königswalde
length (nr of characters): 7236
#IWL   : 24
#Links : 114

>[PAGE] : Kretscham-Rothensehma
length (nr of characters): 2505
#IWL   : 0
#Links : 25

>[PAGE] : Krumhermersdorf
length (nr of characters): 8969
#IWL   : 3
#Links : 57

>[PAGE] : Kühnhaide (Zwönitz)
length (nr of characters): 6362
#IWL   : 0
#Links : 43

>[PAGE] : Kühnhaide (Marienberg)
length (nr of characters): 11185
#IWL   : 0
#Links : 64

>[PAGE] : Kurort Seiffen/Erzgeb.
length (nr of characters): 35863
#IWL   : 25
#Links : 207

>[PAGE] : Langenberg (Raschau-Markersbach)
length (nr of characters): 4395
#IWL   : 0
#Links : 27

>[PAGE] : Lauta (Marienberg)
length (nr of characters): 5733
#IWL   : 1
#Links : 49

>[PAGE] : Lauter (Lauter-Bernsbach)
length (nr of characters): 13155
#IWL   : 22
#Links : 78

>[PAGE] : Lauterbach (Marienberg)
length (nr of characters): 8971
#IWL   : 1
#Links : 63

>[PAGE] : Lengefeld
length (nr of characters): 13753
#IWL   : 23
#Links : 93

>[PAGE] : Lenkersdorf
length (nr of characters): 4818
#IWL   : 0
#Links : 39

>[PAGE] : Leukersdorf
length (nr of characters): 5691
#IWL   : 1
#Links : 33

>[PAGE] : Lichtenau (Stützengrün)
length (nr of characters): 4274
#IWL   : 0
#Links : 34

>[PAGE] : Lindenau (Schneeberg)
length (nr of characters): 7561
#IWL   : 1
#Links : 39

>[PAGE] : Lippersdorf
length (nr of characters): 11248
#IWL   : 1
#Links : 70

>[PAGE] : Lößnitz (Erzgebirge)
length (nr of characters): 18067
#IWL   : 27
#Links : 181

>[PAGE] : Lugau/Erzgeb.
length (nr of characters): 18762
#IWL   : 24
#Links : 153

>[PAGE] : Marienberg
length (nr of characters): 22154
#IWL   : 30
#Links : 231

>[PAGE] : Markersbach
length (nr of characters): 11608
#IWL   : 11
#Links : 58

>[PAGE] : Mauersberg
length (nr of characters): 7533
#IWL   : 0
#Links : 54

>[PAGE] : Meinersdorf (Burkhardtsdorf)
length (nr of characters): 10711
#IWL   : 1
#Links : 81

>[PAGE] : Mitteldorf (Stollberg)
length (nr of characters): 5023
#IWL   : 0
#Links : 40

>[PAGE] : Mittelschmiedeberg
length (nr of characters): 8203
#IWL   : 0
#Links : 38

>[PAGE] : Mittweida (Markersbach)
length (nr of characters): 3362
#IWL   : 0
#Links : 31

>[PAGE] : Neidhardtsthal
length (nr of characters): 5980
#IWL   : 0
#Links : 31

>[PAGE] : Nennigmühle
length (nr of characters): 4843
#IWL   : 0
#Links : 38

>[PAGE] : Neu-Amerika (Schlettau)
length (nr of characters): 1389
#IWL   : 0
#Links : 14

>[PAGE] : Neudorf (Sehmatal)
length (nr of characters): 6288
#IWL   : 1
#Links : 38

>[PAGE] : Neudörfel (Aue)
length (nr of characters): 5892
#IWL   : 0
#Links : 27

>[PAGE] : Neues Wiesenhaus
length (nr of characters): 8051
#IWL   : 0
#Links : 19

>[PAGE] : Neuheide (Schönheide)
length (nr of characters): 18183
#IWL   : 0
#Links : 23

>[PAGE] : Neukirchen/Erzgeb.
length (nr of characters): 13932
#IWL   : 23
#Links : 112

>[PAGE] : Neundorf (Thermalbad Wiesenbad)
length (nr of characters): 7573
#IWL   : 0
#Links : 37

>[PAGE] : Neunzehnhain
length (nr of characters): 3104
#IWL   : 0
#Links : 15

>[PAGE] : Neustädtel (Schneeberg)
length (nr of characters): 16409
#IWL   : 0
#Links : 85

>[PAGE] : Neuwelt (Schwarzenberg)
length (nr of characters): 4972
#IWL   : 0
#Links : 28

>[PAGE] : Neuwiese (Oelsnitz/Erzgeb.)
length (nr of characters): 2881
#IWL   : 0
#Links : 11

>[PAGE] : Neuwürschnitz
length (nr of characters): 5397
#IWL   : 1
#Links : 30

>[PAGE] : Niederdorf (Sachsen)
length (nr of characters): 4834
#IWL   : 24
#Links : 110

>[PAGE] : Niederlauterstein
length (nr of characters): 6796
#IWL   : 1
#Links : 52

>[PAGE] : Niederlößnitz (Lößnitz)
length (nr of characters): 2406
#IWL   : 0
#Links : 20

>[PAGE] : Niederneuschönberg
length (nr of characters): 4425
#IWL   : 0
#Links : 24

>[PAGE] : Niederpfannenstiel
length (nr of characters): 4654
#IWL   : 0
#Links : 21

>[PAGE] : Niederschmiedeberg
length (nr of characters): 9987
#IWL   : 0
#Links : 45

>[PAGE] : Niederseiffenbach
length (nr of characters): 4518
#IWL   : 0
#Links : 29

>[PAGE] : Niederwürschnitz
length (nr of characters): 6075
#IWL   : 24
#Links : 110

>[PAGE] : Niederzwönitz
length (nr of characters): 9651
#IWL   : 0
#Links : 46

>[PAGE] : Oberdorf (Stollberg)
length (nr of characters): 4870
#IWL   : 0
#Links : 42

>[PAGE] : Oberlochmühle
length (nr of characters): 5277
#IWL   : 0
#Links : 35

>[PAGE] : Oberneuschönberg
length (nr of characters): 5335
#IWL   : 0
#Links : 38

>[PAGE] : Oberpfannenstiel
length (nr of characters): 3599
#IWL   : 0
#Links : 18

>[PAGE] : Oberscheibe
length (nr of characters): 5009
#IWL   : 0
#Links : 42

>[PAGE] : Oberschmiedeberg
length (nr of characters): 8148
#IWL   : 0
#Links : 34

>[PAGE] : Oberseiffenbach
length (nr of characters): 4141
#IWL   : 0
#Links : 25

>[PAGE] : Oberwiesenthal
length (nr of characters): 12969
#IWL   : 32
#Links : 165

>[PAGE] : Oberwildenthal
length (nr of characters): 2617
#IWL   : 0
#Links : 24

>[PAGE] : Oberwürschnitz (Neuwürschnitz)
length (nr of characters): 5400
#IWL   : 0
#Links : 14

>[PAGE] : Oelsnitz/Erzgeb.
length (nr of characters): 19865
#IWL   : 26
#Links : 197

>[PAGE] : Olbernhau
length (nr of characters): 21809
#IWL   : 27
#Links : 185

>[PAGE] : Pachthaus
length (nr of characters): 2309
#IWL   : 0
#Links : 10

>[PAGE] : Pfaffenhain
length (nr of characters): 5375
#IWL   : 0
#Links : 30

>[PAGE] : Pfaffroda
length (nr of characters): 7600
#IWL   : 24
#Links : 126

>[PAGE] : Plattenthal
length (nr of characters): 4374
#IWL   : 0
#Links : 17

>[PAGE] : Pobershau
length (nr of characters): 9314
#IWL   : 21
#Links : 58

>[PAGE] : Pockau
length (nr of characters): 9440
#IWL   : 22
#Links : 63

>[PAGE] : Pöhla (Schwarzenberg)
length (nr of characters): 11376
#IWL   : 13
#Links : 55

>[PAGE] : Rabenberg (Breitenbrunn)
length (nr of characters): 1969
#IWL   : 0
#Links : 24

>[PAGE] : Raschau
length (nr of characters): 25084
#IWL   : 14
#Links : 72

>[PAGE] : Raum (Stollberg)
length (nr of characters): 6076
#IWL   : 0
#Links : 38

>[PAGE] : Reifland
length (nr of characters): 6317
#IWL   : 1
#Links : 45

>[PAGE] : Reitzenhain (Marienberg)
length (nr of characters): 7116
#IWL   : 3
#Links : 50

>[PAGE] : Reukersdorf
length (nr of characters): 3324
#IWL   : 0
#Links : 24

>[PAGE] : Riesenberger Häuser
length (nr of characters): 1631
#IWL   : 0
#Links : 15

>[PAGE] : Rittersberg (Marienberg)
length (nr of characters): 4788
#IWL   : 0
#Links : 42

>[PAGE] : Rittersgrün
length (nr of characters): 47883
#IWL   : 1
#Links : 174

>[PAGE] : Rote Grube
length (nr of characters): 2748
#IWL   : 0
#Links : 25

>[PAGE] : Rothenthal
length (nr of characters): 9194
#IWL   : 0
#Links : 41

>[PAGE] : Rübenau (Marienberg)
length (nr of characters): 9472
#IWL   : 0
#Links : 54

>[PAGE] : Sachsenfeld
length (nr of characters): 8201
#IWL   : 0
#Links : 41

>[PAGE] : Satzung (Marienberg)
length (nr of characters): 8183
#IWL   : 2
#Links : 69

>[PAGE] : Sauschwemme
length (nr of characters): 2977
#IWL   : 0
#Links : 18

>[PAGE] : Scharfenstein (Drebach)
length (nr of characters): 8662
#IWL   : 1
#Links : 51

>[PAGE] : Scheibenberg
length (nr of characters): 12843
#IWL   : 27
#Links : 132

>[PAGE] : Schindelbach
length (nr of characters): 3130
#IWL   : 0
#Links : 19

>[PAGE] : Schlettau
length (nr of characters): 10025
#IWL   : 28
#Links : 137

>[PAGE] : Schlößchen (Amtsberg)
length (nr of characters): 6203
#IWL   : 0
#Links : 33

>[PAGE] : Schlössel (Jöhstadt)
length (nr of characters): 7159
#IWL   : 0
#Links : 27

>[PAGE] : Schmalzgrube (Jöhstadt)
length (nr of characters): 8870
#IWL   : 0
#Links : 43

>[PAGE] : Schneeberg (Erzgebirge)
length (nr of characters): 46873
#IWL   : 27
#Links : 287

>[PAGE] : Schönfeld (Thermalbad Wiesenbad)
length (nr of characters): 10055
#IWL   : 0
#Links : 57

>[PAGE] : Schönfeld (Pfaffroda)
length (nr of characters): 5625
#IWL   : 0
#Links : 31

>[PAGE] : Schönheide
length (nr of characters): 81503
#IWL   : 22
#Links : 225

>[PAGE] : Schönheiderhammer
length (nr of characters): 20793
#IWL   : 0
#Links : 43

>[PAGE] : Schwarzbach (Elterlein)
length (nr of characters): 10530
#IWL   : 3
#Links : 47

>[PAGE] : Schwarzenberg/Erzgeb.
length (nr of characters): 68577
#IWL   : 31
#Links : 333

>[PAGE] : Schwarzwinkel (Schönheide)
length (nr of characters): 11974
#IWL   : 0
#Links : 20

>[PAGE] : Schwefelwerk
length (nr of characters): 4003
#IWL   : 0
#Links : 17

>[PAGE] : Schönbrunn (Wolkenstein)
length (nr of characters): 6453
#IWL   : 0
#Links : 45

>[PAGE] : Sehma (Sehmatal)
length (nr of characters): 7154
#IWL   : 0
#Links : 48

>[PAGE] : Siegelhof (Hammerwerk)
length (nr of characters): 5316
#IWL   : 0
#Links : 20

>[PAGE] : Sonnenleithe
length (nr of characters): 4934
#IWL   : 0
#Links : 27

>[PAGE] : Sorgau
length (nr of characters): 5692
#IWL   : 0
#Links : 48

>[PAGE] : Sosa (Eibenstock)
length (nr of characters): 7627
#IWL   : 17
#Links : 55

>[PAGE] : Steinbach (Johanngeorgenstadt)
length (nr of characters): 5995
#IWL   : 0
#Links : 26

>[PAGE] : Steinbach (Jöhstadt)
length (nr of characters): 6098
#IWL   : 0
#Links : 35

>[PAGE] : Steinheidel
length (nr of characters): 5693
#IWL   : 0
#Links : 29

>[PAGE] : Stollberg/Erzgeb.
length (nr of characters): 19604
#IWL   : 26
#Links : 219

>[PAGE] : Stolzenhain (Pockau-Lengefeld)
length (nr of characters): 4278
#IWL   : 0
#Links : 32

>[PAGE] : Streckewalde
length (nr of characters): 6517
#IWL   : 0
#Links : 47

>[PAGE] : Streitwald (Lößnitz)
length (nr of characters): 5691
#IWL   : 0
#Links : 33

>[PAGE] : Stützengrün
length (nr of characters): 23394
#IWL   : 22
#Links : 140

>[PAGE] : Tannenberg (Sachsen)
length (nr of characters): 5618
#IWL   : 23
#Links : 106

>[PAGE] : Tellerhäuser
length (nr of characters): 6912
#IWL   : 0
#Links : 52

>[PAGE] : Thalheim/Erzgeb.
length (nr of characters): 13794
#IWL   : 23
#Links : 141

>[PAGE] : Thum
length (nr of characters): 14396
#IWL   : 25
#Links : 158

>[PAGE] : Unterscheibe
length (nr of characters): 1620
#IWL   : 0
#Links : 19

>[PAGE] : Unterwiesenthal
length (nr of characters): 2395
#IWL   : 0
#Links : 18

>[PAGE] : Ursprung (Lugau)
length (nr of characters): 4400
#IWL   : 1
#Links : 33

>[PAGE] : Venusberg (Drebach)
length (nr of characters): 6236
#IWL   : 15
#Links : 38

>[PAGE] : Waldesruh (Oelsnitz/Erzgeb.)
length (nr of characters): 1571
#IWL   : 0
#Links : 5

>[PAGE] : Waldkirchen/Erzgeb.
length (nr of characters): 9166
#IWL   : 13
#Links : 49

>[PAGE] : Walthersdorf
length (nr of characters): 3839
#IWL   : 0
#Links : 26

>[PAGE] : Warmbad (Wolkenstein)
length (nr of characters): 9337
#IWL   : 0
#Links : 50

>[PAGE] : Waschleithe
length (nr of characters): 7179
#IWL   : 1
#Links : 38

>[PAGE] : Weißbach (Amtsberg)
length (nr of characters): 7079
#IWL   : 0
#Links : 45

>[PAGE] : Weitersglashütte
length (nr of characters): 7157
#IWL   : 0
#Links : 36

>[PAGE] : Wernsdorf (Pockau-Lengefeld)
length (nr of characters): 6110
#IWL   : 0
#Links : 47

>[PAGE] : Wiesa (Thermalbad Wiesenbad)
length (nr of characters): 8988
#IWL   : 0
#Links : 47

>[PAGE] : Wiesenbad
length (nr of characters): 13214
#IWL   : 0
#Links : 42

>[PAGE] : Wildbach (Bad Schlema)
length (nr of characters): 10144
#IWL   : 0
#Links : 46

>[PAGE] : Wildenau (Schwarzenberg)
length (nr of characters): 3185
#IWL   : 0
#Links : 28

>[PAGE] : Wildenthal (Eibenstock)
length (nr of characters): 22820
#IWL   : 1
#Links : 90

>[PAGE] : Wilzschhaus
length (nr of characters): 18593
#IWL   : 0
#Links : 43

>[PAGE] : Wilzschmühle
length (nr of characters): 16162
#IWL   : 0
#Links : 23

>[PAGE] : Wittigsthal
length (nr of characters): 2440
#IWL   : 0
#Links : 17

>[PAGE] : Witzschdorf
length (nr of characters): 27329
#IWL   : 0
#Links : 112

>[PAGE] : Wolfgangmaßen
length (nr of characters): 11679
#IWL   : 0
#Links : 41

>[PAGE] : Wolfsgrün
length (nr of characters): 10185
#IWL   : 0
#Links : 41

>[PAGE] : Wolkenstein (Erzgebirge)
length (nr of characters): 14365
#IWL   : 26
#Links : 151

>[PAGE] : Wünschendorf (Pockau-Lengefeld)
length (nr of characters): 6123
#IWL   : 1
#Links : 47

>[PAGE] : Zelle (Aue)
length (nr of characters): 11683
#IWL   : 0
#Links : 55

>[PAGE] : Zöblitz
length (nr of characters): 19547
#IWL   : 26
#Links : 98

>[PAGE] : Zschopau
length (nr of characters): 31937
#IWL   : 29
#Links : 255

>[PAGE] : Zschopenthal
length (nr of characters): 3635
#IWL   : 0
#Links : 24

>[PAGE] : Zschorlau
length (nr of characters): 7981
#IWL   : 22
#Links : 132

>[PAGE] : Zweibach
length (nr of characters): 2404
#IWL   : 0
#Links : 21

>[PAGE] : Zwönitz
length (nr of characters): 47437
#IWL   : 28
#Links : 243

>> 1 errors detected.
